<?xml version="1.0" encoding="UTF-8"?>
<!-- Generated by org.testng.reporters.JUnitXMLReporter -->
<testsuite ignored="4" hostname="Bhavani" failures="0" tests="3" name="Test" time="82.595" errors="0" timestamp="2025-09-19T11:51:12 IST">
  <testcase classname="com.test.LoginTest" name="Login" time="0.389"/>
  <testcase classname="IndividualFlows.TCHBatchTest" name="Batchcreation" time="4.142"/>
  <testcase classname="IndividualFlows.TCH_ExecutionsSummary" name="TCHBatchExecutionSummaryResults" time="78.019"/>
  <testcase classname="base.BaseClass" name="@BeforeSuite setup" time="0.0">
    <ignored/>
  </testcase> <!-- @BeforeSuite setup -->
  <testcase classname="base.BaseClass" name="@BeforeSuite setup" time="0.0">
    <ignored/>
  </testcase> <!-- @BeforeSuite setup -->
  <testcase classname="base.BaseClass" name="@AfterSuite tearDown" time="0.0">
    <ignored/>
  </testcase> <!-- @AfterSuite tearDown -->
  <testcase classname="base.BaseClass" name="@AfterSuite tearDown" time="0.0">
    <ignored/>
  </testcase> <!-- @AfterSuite tearDown -->
</testsuite> <!-- Test -->
